Starting new run: 4762978
Fri Mar  6 15:43:53 PST 2020
  
                                                
       *      
   *~~~~~                                       
  *~~*~~~*      __  __           _ _       
 /   ~~~~~     |  \/  |         | (_)      
     ~~~~~     | \  / | ___ _ __| |_ _ __  
    ~~~~~*     | |\/| |/ _ \ '__| | | '_ \ 
   *~~~~~~~    | |  | |  __/ |  | | | | | |
  ~~~~~~~~~~   |_|  |_|\___|_|  |_|_|_| |_|
 *~~~~~~~~~~~                                    
   ~~~*~~~*    Machine Learning for HPC Workflows                                 
              


all_workers: []
spec_worker_names: []
workers_to_stop: []
No messages purged from 1 queue
  
                                                
       *      
   *~~~~~                                       
  *~~*~~~*      __  __           _ _       
 /   ~~~~~     |  \/  |         | (_)      
     ~~~~~     | \  / | ___ _ __| |_ _ __  
    ~~~~~*     | |\/| |/ _ \ '__| | | '_ \ 
   *~~~~~~~    | |  | |  __/ |  | | | | | |
  ~~~~~~~~~~   |_|  |_|\___|_|  |_|_|_| |_|
 *~~~~~~~~~~~                                    
   ~~~*~~~*    Machine Learning for HPC Workflows                                 
              


merlin run /g/g13/bay1/merlin/merlin/examples/workflows/null_spec/null_spec.yaml --vars N_SAMPLES=10 OUTPUT_PATH=10
  
                                                
       *      
   *~~~~~                                       
  *~~*~~~*      __  __           _ _       
 /   ~~~~~     |  \/  |         | (_)      
     ~~~~~     | \  / | ___ _ __| |_ _ __  
    ~~~~~*     | |\/| |/ _ \ '__| | | '_ \ 
   *~~~~~~~    | |  | |  __/ |  | | | | | |
  ~~~~~~~~~~   |_|  |_|\___|_|  |_|_|_| |_|
 *~~~~~~~~~~~                                    
   ~~~*~~~*    Machine Learning for HPC Workflows                                 
              


merlin run-workers /g/g13/bay1/merlin/merlin/examples/workflows/null_spec/null_spec.yaml --vars N_SAMPLES=10 OUTPUT_PATH=10
  
                                                
       *      
   *~~~~~                                       
  *~~*~~~*      __  __           _ _       
 /   ~~~~~     |  \/  |         | (_)      
     ~~~~~     | \  / | ___ _ __| |_ _ __  
    ~~~~~*     | |\/| |/ _ \ '__| | | '_ \ 
   *~~~~~~~    | |  | |  __/ |  | | | | | |
  ~~~~~~~~~~   |_|  |_|\___|_|  |_|_|_| |_|
 *~~~~~~~~~~~                                    
   ~~~*~~~*    Machine Learning for HPC Workflows                                 
              


