[2020-03-25 18:18:12: INFO] Study workspace is '/g/g13/bay1/null_results/c_4/s_100/null_spec_20200325-181812'.
[2020-03-25 18:18:13: INFO] Reading app config from file /g/g13/bay1/.merlin/app.yaml
[2020-03-25 18:18:14: INFO] broker: amqps://bay1:******@jackalope.llnl.gov:5671//bay1
[2020-03-25 18:18:14: INFO] broker_ssl = True
[2020-03-25 18:18:14: INFO] results: redis://mlsi:******@jackalope.llnl.gov:6379/0
[2020-03-25 18:18:14: INFO] results: redis_backed_use_ssl = False
[2020-03-25 18:18:14: INFO] Generating samples...
[2020-03-25 18:18:14: INFO] Generating samples complete!
[2020-03-25 18:18:14: INFO] Loading samples from 'samples.csv'...
[2020-03-25 18:18:14: INFO] 100 samples loaded.
[2020-03-25 18:18:14: INFO] Calculating task groupings from DAG.
[2020-03-25 18:18:14: INFO] Converting graph to tasks.
[2020-03-25 18:18:14: INFO] Launching tasks.

real	0m7.789s
user	0m1.177s
sys	0m0.635s
[2020-03-25 18:18:16: INFO] Launching workers from '/g/g13/bay1/merlin/merlin/examples/workflows/null_spec/null_spec.yaml'
[2020-03-25 18:18:16: INFO] Starting workers
[2020-03-25 18:18:17: INFO] Monitor: celery workers are running.
[2020-03-25 18:19:17: INFO] Monitor: celery workers are running.
[2020-03-25 18:20:18: INFO] Monitor: celery workers are running.
[2020-03-25 18:21:18: INFO] Monitor: celery workers are running.
[2020-03-25 18:22:18: INFO] Monitor: celery workers are running.
[2020-03-25 18:23:18: INFO] Monitor: celery workers are running.
[2020-03-25 18:24:18: INFO] Monitor: celery workers are running.
[2020-03-25 18:25:18: INFO] Monitor: celery workers are running.
[2020-03-25 18:26:18: INFO] Monitor: celery workers are running.
[2020-03-25 18:27:18: INFO] Monitor: celery workers are running.
slurmstepd: error: *** JOB 4870533 ON quartz20 CANCELLED AT 2020-03-25T18:28:11 DUE TO TIME LIMIT ***
